#
# A fatal error has been detected by the Java Runtime Environment:
#
#  EXCEPTION_ACCESS_VIOLATION (0xc0000005) at pc=0x00007ff9631ed69a, pid=17280, tid=8684
#
# JRE version: OpenJDK Runtime Environment Temurin-17.0.2+8 (17.0.2+8) (build 17.0.2+8)
# Java VM: OpenJDK 64-Bit Server VM Temurin-17.0.2+8 (17.0.2+8, mixed mode, tiered, compressed oops, compressed class ptrs, g1 gc, windows-amd64)
# Problematic frame:
# V  [jvm.dll+0x79d69a]
#
# No core dump will be written. Minidumps are not enabled by default on client versions of Windows
#
# If you would like to submit a bug report, please visit:
#   https://github.com/adoptium/adoptium-support/issues
#

---------------  S U M M A R Y ------------

Command Line: -XX:+ShowCodeDetailsInExceptionMessages -agentlib:jdwp=transport=dt_socket,suspend=y,address=localhost:60982 -javaagent:C:\eclipse\configuration\org.eclipse.osgi\225\0\.cp\lib\javaagent-shaded.jar -Dfile.encoding=UTF-8 studentListSort.StudentList

Host: AMD Ryzen 7 5800H with Radeon Graphics         , 16 cores, 13G,  Windows 10 , 64 bit Build 19041 (10.0.19041.1806)
Time: Fri Jul 22 00:50:33 2022  Windows 10 , 64 bit Build 19041 (10.0.19041.1806) elapsed time: 10.826668 seconds (0d 0h 0m 10s)

---------------  T H R E A D  ---------------

Current thread (0x00000212687168a0):  JavaThread "JDWP Transport Listener: dt_socket" daemon [_thread_in_vm, id=8684, stack(0x000000f631500000,0x000000f631600000)]

Stack: [0x000000f631500000,0x000000f631600000],  sp=0x000000f6315ff370,  free space=1020k
Native frames: (J=compiled Java code, j=interpreted, Vv=VM code, C=native code)
V  [jvm.dll+0x79d69a]
V  [jvm.dll+0x50842c]
V  [jvm.dll+0x4cfa94]
C  [jdwp.dll+0x22dff]


siginfo: EXCEPTION_ACCESS_VIOLATION (0xc0000005), reading address 0x00000000002b0009


Register to memory mapping:

RIP=0x00007ff9631ed69a jvm.dll
RAX=0x000000000000002c is an unknown value
RBX=0x00000212684cd7a1 points into unknown readable memory: 74 3b 29 49 00 00 00
RCX=0x00000000002b0005 is an unknown value
RDX=0x0000021268438600 points into unknown readable memory: 0x746e65647574734c | 4c 73 74 75 64 65 6e 74
RSP=0x000000f6315ff370 is pointing into the stack for thread: 0x00000212687168a0
RBP=0x00000212686db010 points into unknown readable memory: 0x0000000000000002 | 02 00 00 00 00 00 00 00
RSI=0x0 is NULL
RDI=0xffffffffffffffff is an unknown value
R8 =0x000000000000000f is an unknown value
R9 =0x0000000000000029 is an unknown value
R10=0x0 is NULL
R11=0x000000f6315ff390 is pointing into the stack for thread: 0x00000212687168a0
R12=0x000000f6315ff4c8 is pointing into the stack for thread: 0x00000212687168a0
R13=0x0 is NULL
R14=0x0000000800105538 is a pointer to class: 
studentListSort.TotalScoreSort {0x0000000800105540}
 - instance size:     2
 - klass size:        84
 - access:            synchronized 
 - state:             fully_initialized
 - name:              'studentListSort/TotalScoreSort'
 - super:             'java/lang/Object'
 - sub:               
 - arrays:            NULL
 - methods:           Array<T>(0x000002126943f538)
 - method ordering:   Array<T>(0x000002126943f770)
 - default_methods:   Array<T>(0x000002126943dd80)
 - default vtable indices:   Array<T>(0x000002126943ddc0)
 - local interfaces:  Array<T>(0x000002126943db50)
 - trans. interfaces: Array<T>(0x000002126943db50)
 - constants:         constant pool [53] {0x0000021269446008} for 'studentListSort/TotalScoreSort' cache=0x0000021269446228
 - class loader data:  loader data: 0x0000021267bfec00 for instance a 'jdk/internal/loader/ClassLoaders$AppClassLoader'{0x00000007300ef4a0}
 - source file:       'StudentList.java'
 - source debug extension:       SMAP
StudentList.java
Java
*S jdt
*F
1 StudentList.java
2 file:/C:/Users/%ec%9d%b4%eb%ac%b8%ec%a3%bc/Desktop/TIL/secondStep/Exercise/bin/
*L
*E

 - class annotations:       Array<T>(0x0000000000000000)
 - class type annotations:  Array<T>(0x0000000000000000)
 - field annotations:       Array<T>(0x0000000000000000)
 - field type annotations:  Array<T>(0x0000000000000000)
 - previous version:  constant pool [35] {0x000002126943d9c8} for 'studentListSort/TotalScoreSort' (extra) cache=0x000002126943dde0
 - generic signature: '
[error occurred during error reporting (printing register info), id 0xc0000005, EXCEPTION_ACCESS_VIOLATION (0xc0000005) at pc=0x00007ff9631ee2a6]

Registers:
RAX=0x000000000000002c, RBX=0x00000212684cd7a1, RCX=0x00000000002b0005, RDX=0x0000021268438600
RSP=0x000000f6315ff370, RBP=0x00000212686db010, RSI=0x0000000000000000, RDI=0xffffffffffffffff
R8 =0x000000000000000f, R9 =0x0000000000000029, R10=0x0000000000000000, R11=0x000000f6315ff390
R12=0x000000f6315ff4c8, R13=0x0000000000000000, R14=0x0000000800105538, R15=0x000000f6315ff518
RIP=0x00007ff9631ed69a, EFLAGS=0x0000000000010202

Top of Stack: (sp=0x000000f6315ff370)
0x000000f6315ff370:   000000000000001e 0000000800105538
0x000000f6315ff380:   00000212687168a0 0000000000000000
0x000000f6315ff390:   ffffffffffffffff 00007ff962f5842c
0x000000f6315ff3a0:   00000212684cd7a1 00000212684cd780
0x000000f6315ff3b0:   00000212686db010 0000021268439600
0x000000f6315ff3c0:   00000212684cd750 00000000000003d8
0x000000f6315ff3d0:   00000212684cd760 00000212684cdb38
0x000000f6315ff3e0:   0000000000000002 000000f6315ff4c8
0x000000f6315ff3f0:   0000000000000000 0000000000000000
0x000000f6315ff400:   000000072fbbe1e0 00007ff962f1fa94
0x000000f6315ff410:   00000212687168a0 000000f6315ff518
0x000000f6315ff420:   000002124991d340 000000f6315ff518
0x000000f6315ff430:   00000212687168a0 0000000000000000
0x000000f6315ff440:   0000021200000000 0000000000000000
0x000000f6315ff450:   000000000000000d 00007ff9b0f92dff
0x000000f6315ff460:   000000f6315ff510 00007ff9b0fa1aa0 

Instructions: (pc=0x00007ff9631ed69a)
0x00007ff9631ed59a:   48 83 c4 20 5f e9 4c 8d 90 ff cc cc cc cc cc cc
0x00007ff9631ed5aa:   cc cc cc cc cc cc 48 89 5c 24 08 57 48 83 ec 20
0x00007ff9631ed5ba:   83 fa 02 8d 42 06 b9 08 00 00 00 49 8b d8 0f 4e
0x00007ff9631ed5ca:   c1 48 63 c8 48 83 c1 07 83 e1 f8 48 63 f9 49 8b
0x00007ff9631ed5da:   48 18 48 8b c7 48 f7 d0 48 3b c1 73 16 4c 8d 05
0x00007ff9631ed5ea:   da 4c 17 00 48 8b d7 48 8b cb e8 57 f0 90 ff 48
0x00007ff9631ed5fa:   8b 4b 18 48 8d 04 39 48 3b 43 20 76 18 45 33 c0
0x00007ff9631ed60a:   48 8b d7 48 8b cb 48 8b 5c 24 30 48 83 c4 20 5f
0x00007ff9631ed61a:   e9 b1 ec 90 ff 48 89 43 18 48 8b c1 48 8b 5c 24
0x00007ff9631ed62a:   30 48 83 c4 20 5f c3 cc cc cc cc cc cc cc cc cc
0x00007ff9631ed63a:   cc cc cc cc cc cc 4c 8b d2 4c 8b d9 45 85 c0 7e
0x00007ff9631ed64a:   3c 44 0f b7 49 04 41 8d 40 ff 41 3b c1 44 0f 4c
0x00007ff9631ed65a:   c8 4d 63 c1 45 85 c9 7e 1f 48 8b c2 4c 2b da 49
0x00007ff9631ed66a:   8b d0 0f 1f 40 00 41 0f b6 4c 03 06 88 08 48 8d
0x00007ff9631ed67a:   40 01 48 83 ea 01 75 ee 43 c6 04 10 00 49 8b c2
0x00007ff9631ed68a:   c3 cc cc cc cc cc 48 89 5c 24 08 57 48 83 ec 20
0x00007ff9631ed69a:   0f b7 59 04 48 8b f9 33 d2 48 8d 4b 01 e8 84 df
0x00007ff9631ed6aa:   f2 ff 0f b7 57 04 4c 8b c0 3b da 0f 42 d3 44 8b
0x00007ff9631ed6ba:   ca 85 d2 74 39 48 2b f8 0f 1f 40 00 66 66 0f 1f
0x00007ff9631ed6ca:   84 00 00 00 00 00 0f b6 4c 07 06 88 08 48 ff c0
0x00007ff9631ed6da:   48 8b c8 49 2b c8 49 3b c9 7c eb 42 c6 04 02 00
0x00007ff9631ed6ea:   49 8b c0 48 8b 5c 24 30 48 83 c4 20 5f c3 48 8b
0x00007ff9631ed6fa:   5c 24 30 c6 04 02 00 48 83 c4 20 5f c3 cc cc cc
0x00007ff9631ed70a:   cc cc cc cc cc cc 4c 8b d1 45 85 c0 7e 6c 44 0f
0x00007ff9631ed71a:   b7 49 04 41 8d 40 ff 41 3b c1 44 0f 4c c8 4d 63
0x00007ff9631ed72a:   d9 45 85 c9 7e 22 48 8b ca 4c 2b d2 4d 8b c3 0f
0x00007ff9631ed73a:   1f 80 00 00 00 00 41 0f b6 44 0a 06 88 01 48 8d
0x00007ff9631ed74a:   49 01 49 83 e8 01 75 ee 41 c6 04 13 00 48 c7 c0
0x00007ff9631ed75a:   ff ff ff ff 66 90 48 ff c0 80 3c 02 00 75 f7 48
0x00007ff9631ed76a:   63 c8 85 c0 48 8b c2 7e 14 80 38 2f 75 03 c6 00
0x00007ff9631ed77a:   2e 48 ff c0 48 83 e9 01 75 ef 48 8b c2 c3 cc cc
0x00007ff9631ed78a:   cc cc cc cc cc cc 48 83 ec 28 e8 f7 fe ff ff 4c 


Stack slot to memory mapping:
stack at sp + 0 slots: 0x000000000000001e is an unknown value
stack at sp + 1 slots: 0x0000000800105538 is a pointer to class: 
studentListSort.TotalScoreSort {0x0000000800105540}
 - instance size:     2
 - klass size:        84
 - access:            synchronized 
 - state:             fully_initialized
 - name:              'studentListSort/TotalScoreSort'
 - super:             'java/lang/Object'
 - sub:               
 - arrays:            NULL
 - methods:           Array<T>(0x000002126943f538)
 - method ordering:   Array<T>(0x000002126943f770)
 - default_methods:   Array<T>(0x000002126943dd80)
 - default vtable indices:   Array<T>(0x000002126943ddc0)
 - local interfaces:  Array<T>(0x000002126943db50)
 - trans. interfaces: Array<T>(0x000002126943db50)
 - constants:         constant pool [53] {0x0000021269446008} for 'studentListSort/TotalScoreSort' cache=0x0000021269446228
 - class loader data:  loader data: 0x0000021267bfec00 for instance a 'jdk/internal/loader/ClassLoaders$AppClassLoader'{0x00000007300ef4a0}
 - source file:       'StudentList.java'
 - source debug extension:       SMAP
StudentList.java
Java
*S jdt
*F
1 StudentList.java
2 file:/C:/Users/%ec%9d%b4%eb%ac%b8%ec%a3%bc/Desktop/TIL/secondStep/Exercise/bin/
*L
*E

 - class annotations:       Array<T>(0x0000000000000000)
 - class type annotations:  Array<T>(0x0000000000000000)
 - field annotations:       Array<T>(0x0000000000000000)
 - field type annotations:  Array<T>(0x0000000000000000)
 - previous version:  constant pool [35] {0x000002126943d9c8} for 'studentListSort/TotalScoreSort' (extra) cache=0x000002126943dde0
 - generic signature: '
[error occurred during error reporting (inspecting top of stack), id 0xc0000005, EXCEPTION_ACCESS_VIOLATION (0xc0000005) at pc=0x00007ff9631ee2a6]


---------------  P R O C E S S  ---------------

Threads class SMR info:
_java_thread_list=0x0000021268d4bab0, length=15, elements={
0x0000021249931950, 0x0000021267bf71c0, 0x0000021267bf8760, 0x0000021268455550,
0x0000021268456220, 0x000002126846ed40, 0x000002126846da00, 0x000002126847e3e0,
0x0000021268480900, 0x0000021268497220, 0x000002126846d060, 0x00000212687168a0,
0x0000021268738bc0, 0x00000212687392a0, 0x000002126846d530
}

Java Threads: ( => current thread )
  0x0000021249931950 JavaThread "main" [_thread_blocked, id=3924, stack(0x000000f630100000,0x000000f630200000)]
  0x0000021267bf71c0 JavaThread "Reference Handler" daemon [_thread_blocked, id=19612, stack(0x000000f630800000,0x000000f630900000)]
  0x0000021267bf8760 JavaThread "Finalizer" daemon [_thread_blocked, id=18148, stack(0x000000f630900000,0x000000f630a00000)]
  0x0000021268455550 JavaThread "Signal Dispatcher" daemon [_thread_blocked, id=2864, stack(0x000000f630a00000,0x000000f630b00000)]
  0x0000021268456220 JavaThread "Attach Listener" daemon [_thread_blocked, id=16256, stack(0x000000f630b00000,0x000000f630c00000)]
  0x000002126846ed40 JavaThread "Service Thread" daemon [_thread_blocked, id=17012, stack(0x000000f630c00000,0x000000f630d00000)]
  0x000002126846da00 JavaThread "Monitor Deflation Thread" daemon [_thread_blocked, id=21196, stack(0x000000f630d00000,0x000000f630e00000)]
  0x000002126847e3e0 JavaThread "C2 CompilerThread0" daemon [_thread_blocked, id=4244, stack(0x000000f630e00000,0x000000f630f00000)]
  0x0000021268480900 JavaThread "C1 CompilerThread0" daemon [_thread_blocked, id=13740, stack(0x000000f630f00000,0x000000f631000000)]
  0x0000021268497220 JavaThread "Sweeper thread" daemon [_thread_blocked, id=6976, stack(0x000000f631000000,0x000000f631100000)]
  0x000002126846d060 JavaThread "Common-Cleaner" daemon [_thread_blocked, id=11392, stack(0x000000f631100000,0x000000f631200000)]
=>0x00000212687168a0 JavaThread "JDWP Transport Listener: dt_socket" daemon [_thread_in_vm, id=8684, stack(0x000000f631500000,0x000000f631600000)]
  0x0000021268738bc0 JavaThread "JDWP Event Helper Thread" daemon [_thread_blocked, id=13124, stack(0x000000f631600000,0x000000f631700000)]
  0x00000212687392a0 JavaThread "JDWP Command Reader" daemon [_thread_in_native, id=20076, stack(0x000000f631700000,0x000000f631800000)]
  0x000002126846d530 JavaThread "Notification Thread" daemon [_thread_blocked, id=13432, stack(0x000000f631400000,0x000000f631500000)]

Other Threads:
  0x0000021267bef000 VMThread "VM Thread" [stack: 0x000000f630700000,0x000000f630800000] [id=21340]
  0x000002126861a3f0 WatcherThread [stack: 0x000000f631800000,0x000000f631900000] [id=4352]
  0x000002124997cdf0 GCTaskThread "GC Thread#0" [stack: 0x000000f630200000,0x000000f630300000] [id=5840]
  0x000002124998d0b0 ConcurrentGCThread "G1 Main Marker" [stack: 0x000000f630300000,0x000000f630400000] [id=8420]
  0x000002124998d8d0 ConcurrentGCThread "G1 Conc#0" [stack: 0x000000f630400000,0x000000f630500000] [id=3872]
  0x0000021267a460d0 ConcurrentGCThread "G1 Refine#0" [stack: 0x000000f630500000,0x000000f630600000] [id=1664]
  0x0000021267a467a0 ConcurrentGCThread "G1 Service" [stack: 0x000000f630600000,0x000000f630700000] [id=16872]

Threads with active compile tasks:

VM state: not at safepoint (normal execution)

VM Mutex/Monitor currently owned by a thread: None

Heap address: 0x0000000722400000, size: 3548 MB, Compressed Oops mode: Zero based, Oop shift amount: 3

CDS archive(s) not mapped
Compressed class space mapped at: 0x0000000800000000-0x0000000840000000, reserved size: 1073741824
Narrow klass base: 0x0000000800000000, Narrow klass shift: 0, Narrow klass range: 0x40000000

GC Precious Log:
 CPUs: 16 total, 16 available
 Memory: 14188M
 Large Page Support: Disabled
 NUMA Support: Disabled
 Compressed Oops: Enabled (Zero based)
 Heap Region Size: 2M
 Heap Min Capacity: 8M
 Heap Initial Capacity: 222M
 Heap Max Capacity: 3548M
 Pre-touch: Disabled
 Parallel Workers: 13
 Concurrent Workers: 3
 Concurrent Refinement Workers: 13
 Periodic GC: Disabled

Heap:
 garbage-first heap   total 227328K, used 6144K [0x0000000722400000, 0x0000000800000000)
  region size 2048K, 4 young (8192K), 0 survivors (0K)
 Metaspace       used 10146K, committed 10304K, reserved 1064960K
  class space    used 888K, committed 960K, reserved 1048576K

Heap Regions: E=young(eden), S=young(survivor), O=old, HS=humongous(starts), HC=humongous(continues), CS=collection set, F=free, OA=open archive, CA=closed archive, TAMS=top-at-mark-start (previous, next)
|   0|0x0000000722400000, 0x0000000722400000, 0x0000000722600000|  0%| F|  |TAMS 0x0000000722400000, 0x0000000722400000| Untracked 
|   1|0x0000000722600000, 0x0000000722600000, 0x0000000722800000|  0%| F|  |TAMS 0x0000000722600000, 0x0000000722600000| Untracked 
|   2|0x0000000722800000, 0x0000000722800000, 0x0000000722a00000|  0%| F|  |TAMS 0x0000000722800000, 0x0000000722800000| Untracked 
|   3|0x0000000722a00000, 0x0000000722a00000, 0x0000000722c00000|  0%| F|  |TAMS 0x0000000722a00000, 0x0000000722a00000| Untracked 
|   4|0x0000000722c00000, 0x0000000722c00000, 0x0000000722e00000|  0%| F|  |TAMS 0x0000000722c00000, 0x0000000722c00000| Untracked 
|   5|0x0000000722e00000, 0x0000000722e00000, 0x0000000723000000|  0%| F|  |TAMS 0x0000000722e00000, 0x0000000722e00000| Untracked 
|   6|0x0000000723000000, 0x0000000723000000, 0x0000000723200000|  0%| F|  |TAMS 0x0000000723000000, 0x0000000723000000| Untracked 
|   7|0x0000000723200000, 0x0000000723200000, 0x0000000723400000|  0%| F|  |TAMS 0x0000000723200000, 0x0000000723200000| Untracked 
|   8|0x0000000723400000, 0x0000000723400000, 0x0000000723600000|  0%| F|  |TAMS 0x0000000723400000, 0x0000000723400000| Untracked 
|   9|0x0000000723600000, 0x0000000723600000, 0x0000000723800000|  0%| F|  |TAMS 0x0000000723600000, 0x0000000723600000| Untracked 
|  10|0x0000000723800000, 0x0000000723800000, 0x0000000723a00000|  0%| F|  |TAMS 0x0000000723800000, 0x0000000723800000| Untracked 
|  11|0x0000000723a00000, 0x0000000723a00000, 0x0000000723c00000|  0%| F|  |TAMS 0x0000000723a00000, 0x0000000723a00000| Untracked 
|  12|0x0000000723c00000, 0x0000000723c00000, 0x0000000723e00000|  0%| F|  |TAMS 0x0000000723c00000, 0x0000000723c00000| Untracked 
|  13|0x0000000723e00000, 0x0000000723e00000, 0x0000000724000000|  0%| F|  |TAMS 0x0000000723e00000, 0x0000000723e00000| Untracked 
|  14|0x0000000724000000, 0x0000000724000000, 0x0000000724200000|  0%| F|  |TAMS 0x0000000724000000, 0x0000000724000000| Untracked 
|  15|0x0000000724200000, 0x0000000724200000, 0x0000000724400000|  0%| F|  |TAMS 0x0000000724200000, 0x0000000724200000| Untracked 
|  16|0x0000000724400000, 0x0000000724400000, 0x0000000724600000|  0%| F|  |TAMS 0x0000000724400000, 0x0000000724400000| Untracked 
|  17|0x0000000724600000, 0x0000000724600000, 0x0000000724800000|  0%| F|  |TAMS 0x0000000724600000, 0x0000000724600000| Untracked 
|  18|0x0000000724800000, 0x0000000724800000, 0x0000000724a00000|  0%| F|  |TAMS 0x0000000724800000, 0x0000000724800000| Untracked 
|  19|0x0000000724a00000, 0x0000000724a00000, 0x0000000724c00000|  0%| F|  |TAMS 0x0000000724a00000, 0x0000000724a00000| Untracked 
|  20|0x0000000724c00000, 0x0000000724c00000, 0x0000000724e00000|  0%| F|  |TAMS 0x0000000724c00000, 0x0000000724c00000| Untracked 
|  21|0x0000000724e00000, 0x0000000724e00000, 0x0000000725000000|  0%| F|  |TAMS 0x0000000724e00000, 0x0000000724e00000| Untracked 
|  22|0x0000000725000000, 0x0000000725000000, 0x0000000725200000|  0%| F|  |TAMS 0x0000000725000000, 0x0000000725000000| Untracked 
|  23|0x0000000725200000, 0x0000000725200000, 0x0000000725400000|  0%| F|  |TAMS 0x0000000725200000, 0x0000000725200000| Untracked 
|  24|0x0000000725400000, 0x0000000725400000, 0x0000000725600000|  0%| F|  |TAMS 0x0000000725400000, 0x0000000725400000| Untracked 
|  25|0x0000000725600000, 0x0000000725600000, 0x0000000725800000|  0%| F|  |TAMS 0x0000000725600000, 0x0000000725600000| Untracked 
|  26|0x0000000725800000, 0x0000000725800000, 0x0000000725a00000|  0%| F|  |TAMS 0x0000000725800000, 0x0000000725800000| Untracked 
|  27|0x0000000725a00000, 0x0000000725a00000, 0x0000000725c00000|  0%| F|  |TAMS 0x0000000725a00000, 0x0000000725a00000| Untracked 
|  28|0x0000000725c00000, 0x0000000725c00000, 0x0000000725e00000|  0%| F|  |TAMS 0x0000000725c00000, 0x0000000725c00000| Untracked 
|  29|0x0000000725e00000, 0x0000000725e00000, 0x0000000726000000|  0%| F|  |TAMS 0x0000000725e00000, 0x0000000725e00000| Untracked 
|  30|0x0000000726000000, 0x0000000726000000, 0x0000000726200000|  0%| F|  |TAMS 0x0000000726000000, 0x0000000726000000| Untracked 
|  31|0x0000000726200000, 0x0000000726200000, 0x0000000726400000|  0%| F|  |TAMS 0x0000000726200000, 0x0000000726200000| Untracked 
|  32|0x0000000726400000, 0x0000000726400000, 0x0000000726600000|  0%| F|  |TAMS 0x0000000726400000, 0x0000000726400000| Untracked 
|  33|0x0000000726600000, 0x0000000726600000, 0x0000000726800000|  0%| F|  |TAMS 0x0000000726600000, 0x0000000726600000| Untracked 
|  34|0x0000000726800000, 0x0000000726800000, 0x0000000726a00000|  0%| F|  |TAMS 0x0000000726800000, 0x0000000726800000| Untracked 
|  35|0x0000000726a00000, 0x0000000726a00000, 0x0000000726c00000|  0%| F|  |TAMS 0x0000000726a00000, 0x0000000726a00000| Untracked 
|  36|0x0000000726c00000, 0x0000000726c00000, 0x0000000726e00000|  0%| F|  |TAMS 0x0000000726c00000, 0x0000000726c00000| Untracked 
|  37|0x0000000726e00000, 0x0000000726e00000, 0x0000000727000000|  0%| F|  |TAMS 0x0000000726e00000, 0x0000000726e00000| Untracked 
|  38|0x0000000727000000, 0x0000000727000000, 0x0000000727200000|  0%| F|  |TAMS 0x0000000727000000, 0x0000000727000000| Untracked 
|  39|0x0000000727200000, 0x0000000727200000, 0x0000000727400000|  0%| F|  |TAMS 0x0000000727200000, 0x0000000727200000| Untracked 
|  40|0x0000000727400000, 0x0000000727400000, 0x0000000727600000|  0%| F|  |TAMS 0x0000000727400000, 0x0000000727400000| Untracked 
|  41|0x0000000727600000, 0x0000000727600000, 0x0000000727800000|  0%| F|  |TAMS 0x0000000727600000, 0x0000000727600000| Untracked 
|  42|0x0000000727800000, 0x0000000727800000, 0x0000000727a00000|  0%| F|  |TAMS 0x0000000727800000, 0x0000000727800000| Untracked 
|  43|0x0000000727a00000, 0x0000000727a00000, 0x0000000727c00000|  0%| F|  |TAMS 0x0000000727a00000, 0x0000000727a00000| Untracked 
|  44|0x0000000727c00000, 0x0000000727c00000, 0x0000000727e00000|  0%| F|  |TAMS 0x0000000727c00000, 0x0000000727c00000| Untracked 
|  45|0x0000000727e00000, 0x0000000727e00000, 0x0000000728000000|  0%| F|  |TAMS 0x0000000727e00000, 0x0000000727e00000| Untracked 
|  46|0x0000000728000000, 0x0000000728000000, 0x0000000728200000|  0%| F|  |TAMS 0x0000000728000000, 0x0000000728000000| Untracked 
|  47|0x0000000728200000, 0x0000000728200000, 0x0000000728400000|  0%| F|  |TAMS 0x0000000728200000, 0x0000000728200000| Untracked 
|  48|0x0000000728400000, 0x0000000728400000, 0x0000000728600000|  0%| F|  |TAMS 0x0000000728400000, 0x0000000728400000| Untracked 
|  49|0x0000000728600000, 0x0000000728600000, 0x0000000728800000|  0%| F|  |TAMS 0x0000000728600000, 0x0000000728600000| Untracked 
|  50|0x0000000728800000, 0x0000000728800000, 0x0000000728a00000|  0%| F|  |TAMS 0x0000000728800000, 0x0000000728800000| Untracked 
|  51|0x0000000728a00000, 0x0000000728a00000, 0x0000000728c00000|  0%| F|  |TAMS 0x0000000728a00000, 0x0000000728a00000| Untracked 
|  52|0x0000000728c00000, 0x0000000728c00000, 0x0000000728e00000|  0%| F|  |TAMS 0x0000000728c00000, 0x0000000728c00000| Untracked 
|  53|0x0000000728e00000, 0x0000000728e00000, 0x0000000729000000|  0%| F|  |TAMS 0x0000000728e00000, 0x0000000728e00000| Untracked 
|  54|0x0000000729000000, 0x0000000729000000, 0x0000000729200000|  0%| F|  |TAMS 0x0000000729000000, 0x0000000729000000| Untracked 
|  55|0x0000000729200000, 0x0000000729200000, 0x0000000729400000|  0%| F|  |TAMS 0x0000000729200000, 0x0000000729200000| Untracked 
|  56|0x0000000729400000, 0x0000000729400000, 0x0000000729600000|  0%| F|  |TAMS 0x0000000729400000, 0x0000000729400000| Untracked 
|  57|0x0000000729600000, 0x0000000729600000, 0x0000000729800000|  0%| F|  |TAMS 0x0000000729600000, 0x0000000729600000| Untracked 
|  58|0x0000000729800000, 0x0000000729800000, 0x0000000729a00000|  0%| F|  |TAMS 0x0000000729800000, 0x0000000729800000| Untracked 
|  59|0x0000000729a00000, 0x0000000729a00000, 0x0000000729c00000|  0%| F|  |TAMS 0x0000000729a00000, 0x0000000729a00000| Untracked 
|  60|0x0000000729c00000, 0x0000000729c00000, 0x0000000729e00000|  0%| F|  |TAMS 0x0000000729c00000, 0x0000000729c00000| Untracked 
|  61|0x0000000729e00000, 0x0000000729e00000, 0x000000072a000000|  0%| F|  |TAMS 0x0000000729e00000, 0x0000000729e00000| Untracked 
|  62|0x000000072a000000, 0x000000072a000000, 0x000000072a200000|  0%| F|  |TAMS 0x000000072a000000, 0x000000072a000000| Untracked 
|  63|0x000000072a200000, 0x000000072a200000, 0x000000072a400000|  0%| F|  |TAMS 0x000000072a200000, 0x000000072a200000| Untracked 
|  64|0x000000072a400000, 0x000000072a400000, 0x000000072a600000|  0%| F|  |TAMS 0x000000072a400000, 0x000000072a400000| Untracked 
|  65|0x000000072a600000, 0x000000072a600000, 0x000000072a800000|  0%| F|  |TAMS 0x000000072a600000, 0x000000072a600000| Untracked 
|  66|0x000000072a800000, 0x000000072a800000, 0x000000072aa00000|  0%| F|  |TAMS 0x000000072a800000, 0x000000072a800000| Untracked 
|  67|0x000000072aa00000, 0x000000072aa00000, 0x000000072ac00000|  0%| F|  |TAMS 0x000000072aa00000, 0x000000072aa00000| Untracked 
|  68|0x000000072ac00000, 0x000000072ac00000, 0x000000072ae00000|  0%| F|  |TAMS 0x000000072ac00000, 0x000000072ac00000| Untracked 
|  69|0x000000072ae00000, 0x000000072ae00000, 0x000000072b000000|  0%| F|  |TAMS 0x000000072ae00000, 0x000000072ae00000| Untracked 
|  70|0x000000072b000000, 0x000000072b000000, 0x000000072b200000|  0%| F|  |TAMS 0x000000072b000000, 0x000000072b000000| Untracked 
|  71|0x000000072b200000, 0x000000072b200000, 0x000000072b400000|  0%| F|  |TAMS 0x000000072b200000, 0x000000072b200000| Untracked 
|  72|0x000000072b400000, 0x000000072b400000, 0x000000072b600000|  0%| F|  |TAMS 0x000000072b400000, 0x000000072b400000| Untracked 
|  73|0x000000072b600000, 0x000000072b600000, 0x000000072b800000|  0%| F|  |TAMS 0x000000072b600000, 0x000000072b600000| Untracked 
|  74|0x000000072b800000, 0x000000072b800000, 0x000000072ba00000|  0%| F|  |TAMS 0x000000072b800000, 0x000000072b800000| Untracked 
|  75|0x000000072ba00000, 0x000000072ba00000, 0x000000072bc00000|  0%| F|  |TAMS 0x000000072ba00000, 0x000000072ba00000| Untracked 
|  76|0x000000072bc00000, 0x000000072bc00000, 0x000000072be00000|  0%| F|  |TAMS 0x000000072bc00000, 0x000000072bc00000| Untracked 
|  77|0x000000072be00000, 0x000000072be00000, 0x000000072c000000|  0%| F|  |TAMS 0x000000072be00000, 0x000000072be00000| Untracked 
|  78|0x000000072c000000, 0x000000072c000000, 0x000000072c200000|  0%| F|  |TAMS 0x000000072c000000, 0x000000072c000000| Untracked 
|  79|0x000000072c200000, 0x000000072c200000, 0x000000072c400000|  0%| F|  |TAMS 0x000000072c200000, 0x000000072c200000| Untracked 
|  80|0x000000072c400000, 0x000000072c400000, 0x000000072c600000|  0%| F|  |TAMS 0x000000072c400000, 0x000000072c400000| Untracked 
|  81|0x000000072c600000, 0x000000072c600000, 0x000000072c800000|  0%| F|  |TAMS 0x000000072c600000, 0x000000072c600000| Untracked 
|  82|0x000000072c800000, 0x000000072c800000, 0x000000072ca00000|  0%| F|  |TAMS 0x000000072c800000, 0x000000072c800000| Untracked 
|  83|0x000000072ca00000, 0x000000072ca00000, 0x000000072cc00000|  0%| F|  |TAMS 0x000000072ca00000, 0x000000072ca00000| Untracked 
|  84|0x000000072cc00000, 0x000000072cc00000, 0x000000072ce00000|  0%| F|  |TAMS 0x000000072cc00000, 0x000000072cc00000| Untracked 
|  85|0x000000072ce00000, 0x000000072ce00000, 0x000000072d000000|  0%| F|  |TAMS 0x000000072ce00000, 0x000000072ce00000| Untracked 
|  86|0x000000072d000000, 0x000000072d000000, 0x000000072d200000|  0%| F|  |TAMS 0x000000072d000000, 0x000000072d000000| Untracked 
|  87|0x000000072d200000, 0x000000072d200000, 0x000000072d400000|  0%| F|  |TAMS 0x000000072d200000, 0x000000072d200000| Untracked 
|  88|0x000000072d400000, 0x000000072d400000, 0x000000072d600000|  0%| F|  |TAMS 0x000000072d400000, 0x000000072d400000| Untracked 
|  89|0x000000072d600000, 0x000000072d600000, 0x000000072d800000|  0%| F|  |TAMS 0x000000072d600000, 0x000000072d600000| Untracked 
|  90|0x000000072d800000, 0x000000072d800000, 0x000000072da00000|  0%| F|  |TAMS 0x000000072d800000, 0x000000072d800000| Untracked 
|  91|0x000000072da00000, 0x000000072da00000, 0x000000072dc00000|  0%| F|  |TAMS 0x000000072da00000, 0x000000072da00000| Untracked 
|  92|0x000000072dc00000, 0x000000072dc00000, 0x000000072de00000|  0%| F|  |TAMS 0x000000072dc00000, 0x000000072dc00000| Untracked 
|  93|0x000000072de00000, 0x000000072de00000, 0x000000072e000000|  0%| F|  |TAMS 0x000000072de00000, 0x000000072de00000| Untracked 
|  94|0x000000072e000000, 0x000000072e000000, 0x000000072e200000|  0%| F|  |TAMS 0x000000072e000000, 0x000000072e000000| Untracked 
|  95|0x000000072e200000, 0x000000072e200000, 0x000000072e400000|  0%| F|  |TAMS 0x000000072e200000, 0x000000072e200000| Untracked 
|  96|0x000000072e400000, 0x000000072e400000, 0x000000072e600000|  0%| F|  |TAMS 0x000000072e400000, 0x000000072e400000| Untracked 
|  97|0x000000072e600000, 0x000000072e600000, 0x000000072e800000|  0%| F|  |TAMS 0x000000072e600000, 0x000000072e600000| Untracked 
|  98|0x000000072e800000, 0x000000072e800000, 0x000000072ea00000|  0%| F|  |TAMS 0x000000072e800000, 0x000000072e800000| Untracked 
|  99|0x000000072ea00000, 0x000000072ea00000, 0x000000072ec00000|  0%| F|  |TAMS 0x000000072ea00000, 0x000000072ea00000| Untracked 
| 100|0x000000072ec00000, 0x000000072ec00000, 0x000000072ee00000|  0%| F|  |TAMS 0x000000072ec00000, 0x000000072ec00000| Untracked 
| 101|0x000000072ee00000, 0x000000072ee00000, 0x000000072f000000|  0%| F|  |TAMS 0x000000072ee00000, 0x000000072ee00000| Untracked 
| 102|0x000000072f000000, 0x000000072f000000, 0x000000072f200000|  0%| F|  |TAMS 0x000000072f000000, 0x000000072f000000| Untracked 
| 103|0x000000072f200000, 0x000000072f200000, 0x000000072f400000|  0%| F|  |TAMS 0x000000072f200000, 0x000000072f200000| Untracked 
| 104|0x000000072f400000, 0x000000072f400000, 0x000000072f600000|  0%| F|  |TAMS 0x000000072f400000, 0x000000072f400000| Untracked 
| 105|0x000000072f600000, 0x000000072f600000, 0x000000072f800000|  0%| F|  |TAMS 0x000000072f600000, 0x000000072f600000| Untracked 
| 106|0x000000072f800000, 0x000000072f800000, 0x000000072fa00000|  0%| F|  |TAMS 0x000000072f800000, 0x000000072f800000| Untracked 
| 107|0x000000072fa00000, 0x000000072fbeaa18, 0x000000072fc00000| 95%| E|  |TAMS 0x000000072fa00000, 0x000000072fa00000| Complete 
| 108|0x000000072fc00000, 0x000000072fe00000, 0x000000072fe00000|100%| E|CS|TAMS 0x000000072fc00000, 0x000000072fc00000| Complete 
| 109|0x000000072fe00000, 0x0000000730000000, 0x0000000730000000|100%| E|CS|TAMS 0x000000072fe00000, 0x000000072fe00000| Complete 
| 110|0x0000000730000000, 0x0000000730200000, 0x0000000730200000|100%| E|CS|TAMS 0x0000000730000000, 0x0000000730000000| Complete 

Card table byte_map: [0x000002125cf70000,0x000002125d660000] _byte_map_base: 0x000002125965e000

Marking Bits (Prev, Next): (CMBitMap*) 0x000002124997e220, (CMBitMap*) 0x000002124997e260
 Prev Bits: [0x000002125dd50000, 0x00000212614c0000)
 Next Bits: [0x00000212614c0000, 0x0000021264c30000)

Polling page: 0x0000021247900000

Metaspace:

Usage:
  Non-class:      9.04 MB used.
      Class:    888.05 KB used.
       Both:      9.91 MB used.

Virtual space:
  Non-class space:       16.00 MB reserved,       9.12 MB ( 57%) committed,  2 nodes.
      Class space:        1.00 GB reserved,     960.00 KB ( <1%) committed,  1 nodes.
             Both:        1.02 GB reserved,      10.06 MB ( <1%) committed. 

Chunk freelists:
   Non-Class:  2.72 MB
       Class:  2.97 MB
        Both:  5.69 MB

MaxMetaspaceSize: unlimited
CompressedClassSpaceSize: 1.00 GB
Initial GC threshold: 21.00 MB
Current GC threshold: 21.00 MB
CDS: off
MetaspaceReclaimPolicy: balanced
 - commit_granule_bytes: 65536.
 - commit_granule_words: 8192.
 - virtual_space_node_default_size: 1048576.
 - enlarge_chunks_in_place: 1.
 - new_chunks_are_fully_committed: 0.
 - uncommit_free_chunks: 1.
 - use_allocation_guard: 0.
 - handle_deallocations: 1.


Internal statistics:

num_allocs_failed_limit: 0.
num_arena_births: 10.
num_arena_deaths: 0.
num_vsnodes_births: 3.
num_vsnodes_deaths: 0.
num_space_committed: 161.
num_space_uncommitted: 0.
num_chunks_returned_to_freelist: 0.
num_chunks_taken_from_freelist: 52.
num_chunk_merges: 0.
num_chunk_splits: 22.
num_chunks_enlarged: 17.
num_purges: 0.
num_inconsistent_stats: 0.

CodeHeap 'non-profiled nmethods': size=119168Kb used=150Kb max_used=150Kb free=119017Kb
 bounds [0x0000021254b90000, 0x0000021254e00000, 0x000002125bff0000]
CodeHeap 'profiled nmethods': size=119104Kb used=731Kb max_used=731Kb free=118372Kb
 bounds [0x000002124d740000, 0x000002124d9b0000, 0x0000021254b90000]
CodeHeap 'non-nmethods': size=7488Kb used=1206Kb max_used=2347Kb free=6281Kb
 bounds [0x000002124cff0000, 0x000002124d260000, 0x000002124d740000]
 total_blobs=910 nmethods=488 adapters=335
 compilation: enabled
              stopped_count=0, restarted_count=0
 full_count=0

Compilation events (20 events):
Event: 0.431 Thread 0x0000021268480900 nmethod 478 0x0000021254bb4f10 code [0x0000021254bb50a0, 0x0000021254bb5178]
Event: 0.431 Thread 0x0000021268480900  480       1       java.nio.Buffer::position (5 bytes)
Event: 0.431 Thread 0x0000021268661400 nmethod 479 0x000002124d7f4310 code [0x000002124d7f44a0, 0x000002124d7f4638]
Event: 0.431 Thread 0x0000021268480900 nmethod 480 0x0000021254bb5210 code [0x0000021254bb53a0, 0x0000021254bb5478]
Event: 0.431 Thread 0x0000021268480900  481       3       java.lang.StringUTF16::indexOfCharUnsafe (30 bytes)
Event: 0.431 Thread 0x0000021268480900 nmethod 481 0x000002124d7f4710 code [0x000002124d7f48c0, 0x000002124d7f4ad8]
Event: 0.431 Thread 0x0000021268480900  482       3       java.lang.StringUTF16::checkBoundsOffCount (10 bytes)
Event: 0.431 Thread 0x0000021268480900 nmethod 482 0x000002124d7f4c10 code [0x000002124d7f4dc0, 0x000002124d7f4f68]
Event: 0.432 Thread 0x00000212685fb110  483       3       java.lang.Integer::valueOf (32 bytes)
Event: 0.432 Thread 0x0000021268480900  484       1       java.lang.AbstractStringBuilder::length (5 bytes)
Event: 0.432 Thread 0x0000021268480900 nmethod 484 0x0000021254bb5510 code [0x0000021254bb56a0, 0x0000021254bb5778]
Event: 0.432 Thread 0x0000021268661400  485       3       java.lang.CharacterData::of (136 bytes)
Event: 0.432 Thread 0x00000212685fb110 nmethod 483 0x000002124d7f5090 code [0x000002124d7f5240, 0x000002124d7f5558]
Event: 0.432 Thread 0x0000021268480900  486       3       java.util.Formatter$Flags::contains (22 bytes)
Event: 0.433 Thread 0x0000021268480900 nmethod 486 0x000002124d7f5690 code [0x000002124d7f5820, 0x000002124d7f59d8]
Event: 0.433 Thread 0x0000021268480900  487       1       java.lang.String::value (5 bytes)
Event: 0.433 Thread 0x0000021268661400 nmethod 485 0x000002124d7f5a90 code [0x000002124d7f5cc0, 0x000002124d7f65b8]
Event: 0.433 Thread 0x0000021268480900 nmethod 487 0x0000021254bb5810 code [0x0000021254bb59a0, 0x0000021254bb5a78]
Event: 10.743 Thread 0x0000021268480900  488       3       org.eclipse.jdt.launching.internal.org.objectweb.asm.ByteVector::putShort (52 bytes)
Event: 10.743 Thread 0x0000021268480900 nmethod 488 0x000002124d7f6790 code [0x000002124d7f6940, 0x000002124d7f6b68]

GC Heap History (0 events):
No events

Deoptimization events (20 events):
Event: 0.381 Thread 0x0000021249931950 DEOPT PACKING pc=0x000002124d7c01d4 sp=0x000000f6301f80b0
Event: 0.381 Thread 0x0000021249931950 DEOPT UNPACKING pc=0x000002124d042b43 sp=0x000000f6301f7518 mode 0
Event: 0.381 Thread 0x0000021249931950 DEOPT PACKING pc=0x000002124d7c01d4 sp=0x000000f6301f80b0
Event: 0.381 Thread 0x0000021249931950 DEOPT UNPACKING pc=0x000002124d042b43 sp=0x000000f6301f7518 mode 0
Event: 0.383 Thread 0x0000021249931950 DEOPT PACKING pc=0x000002124d7c01d4 sp=0x000000f6301fbb00
Event: 0.383 Thread 0x0000021249931950 DEOPT UNPACKING pc=0x000002124d042b43 sp=0x000000f6301faf68 mode 0
Event: 0.384 Thread 0x0000021249931950 DEOPT PACKING pc=0x000002124d7c01d4 sp=0x000000f6301fbb00
Event: 0.384 Thread 0x0000021249931950 DEOPT UNPACKING pc=0x000002124d042b43 sp=0x000000f6301faf68 mode 0
Event: 0.384 Thread 0x0000021249931950 DEOPT PACKING pc=0x000002124d7c01d4 sp=0x000000f6301fbb00
Event: 0.384 Thread 0x0000021249931950 DEOPT UNPACKING pc=0x000002124d042b43 sp=0x000000f6301faf68 mode 0
Event: 0.385 Thread 0x0000021249931950 DEOPT PACKING pc=0x000002124d7c01d4 sp=0x000000f6301f8030
Event: 0.385 Thread 0x0000021249931950 DEOPT UNPACKING pc=0x000002124d042b43 sp=0x000000f6301f7498 mode 0
Event: 0.388 Thread 0x0000021249931950 Uncommon trap: trap_request=0xffffff45 fr.pc=0x0000021254b99c38 relative=0x00000000000001b8
Event: 0.388 Thread 0x0000021249931950 Uncommon trap: reason=unstable_if action=reinterpret pc=0x0000021254b99c38 method=java.lang.String.hashCode()I @ 20 c2
Event: 0.388 Thread 0x0000021249931950 DEOPT PACKING pc=0x0000021254b99c38 sp=0x000000f6301fcac0
Event: 0.388 Thread 0x0000021249931950 DEOPT UNPACKING pc=0x000002124d0423a3 sp=0x000000f6301fca58 mode 2
Event: 0.429 Thread 0x0000021249931950 Uncommon trap: trap_request=0xffffff45 fr.pc=0x0000021254ba2bc8 relative=0x0000000000000048
Event: 0.429 Thread 0x0000021249931950 Uncommon trap: reason=unstable_if action=reinterpret pc=0x0000021254ba2bc8 method=java.lang.CharacterData.of(I)Ljava/lang/CharacterData; @ 4 c2
Event: 0.429 Thread 0x0000021249931950 DEOPT PACKING pc=0x0000021254ba2bc8 sp=0x000000f6301fe660
Event: 0.429 Thread 0x0000021249931950 DEOPT UNPACKING pc=0x000002124d0423a3 sp=0x000000f6301fe600 mode 2

Classes unloaded (0 events):
No events

Classes redefined (2 events):
Event: 10.744 Thread 0x0000021267bef000 redefined class name=studentListSort.StudentList, count=1
Event: 10.744 Thread 0x0000021267bef000 redefined class name=studentListSort.TotalScoreSort, count=1

Internal exceptions (0 events):
No events

VM Operations (20 events):
Event: 1.433 Executing VM operation: Cleanup
Event: 1.433 Executing VM operation: Cleanup done
Event: 2.700 Executing VM operation: get/set locals
Event: 2.700 Executing VM operation: get/set locals done
Event: 2.706 Executing VM operation: get/set locals
Event: 2.706 Executing VM operation: get/set locals done
Event: 2.709 Executing VM operation: get/set locals
Event: 2.709 Executing VM operation: get/set locals done
Event: 10.738 Executing VM operation: ChangeSingleStep
Event: 10.738 Executing VM operation: ChangeSingleStep done
Event: 10.738 Executing VM operation: ChangeSingleStep
Event: 10.738 Executing VM operation: ChangeSingleStep done
Event: 10.743 Executing VM operation: RedefineClasses
Event: 10.746 Executing VM operation: RedefineClasses done
Event: 10.748 Executing VM operation: ChangeSingleStep
Event: 10.748 Executing VM operation: ChangeSingleStep done
Event: 10.749 Executing VM operation: get/set locals
Event: 10.749 Executing VM operation: get/set locals done
Event: 10.750 Executing VM operation: ChangeSingleStep
Event: 10.750 Executing VM operation: ChangeSingleStep done

Events (20 events):
Event: 0.427 loading class java/util/stream/Sink$OfInt
Event: 0.427 loading class java/util/function/IntConsumer
Event: 0.427 loading class java/util/function/IntConsumer done
Event: 0.427 loading class java/util/stream/Sink$OfInt done
Event: 0.427 loading class java/util/stream/FindOps$FindSink$OfInt done
Event: 0.427 loading class java/util/OptionalInt
Event: 0.427 loading class java/util/OptionalInt done
Event: 0.429 loading class java/util/stream/IntPipeline$10$1
Event: 0.429 loading class java/util/stream/Sink$ChainedInt
Event: 0.429 loading class java/util/stream/Sink$ChainedInt done
Event: 0.429 loading class java/util/stream/IntPipeline$10$1 done
Event: 0.429 loading class java/lang/StringUTF16$CharsSpliterator
Event: 0.429 loading class java/lang/StringUTF16$CharsSpliterator done
Event: 0.429 loading class java/lang/CharacterData00
Event: 0.430 loading class java/lang/CharacterData00 done
Event: 0.432 loading class java/util/ComparableTimSort
Event: 0.432 loading class java/util/ComparableTimSort done
Event: 5.445 Thread 0x0000021268661400 Thread exited: 0x0000021268661400
Event: 5.445 Thread 0x0000021268cb9cb0 Thread exited: 0x0000021268cb9cb0
Event: 10.457 Thread 0x00000212685fb110 Thread exited: 0x00000212685fb110


Dynamic libraries:
0x00007ff735000000 - 0x00007ff73500e000 	C:\eclipse\plugins\org.eclipse.justj.openjdk.hotspot.jre.full.win32.x86_64_17.0.2.v20220201-1208\jre\bin\javaw.exe
0x00007ff9bdad0000 - 0x00007ff9bdcc8000 	C:\Windows\SYSTEM32\ntdll.dll
0x00007ff9bbe80000 - 0x00007ff9bbf3d000 	C:\Windows\System32\KERNEL32.DLL
0x00007ff9bb480000 - 0x00007ff9bb74e000 	C:\Windows\System32\KERNELBASE.dll
0x00007ff9bb900000 - 0x00007ff9bba00000 	C:\Windows\System32\ucrtbase.dll
0x00007ff9b1c90000 - 0x00007ff9b1ca9000 	C:\eclipse\plugins\org.eclipse.justj.openjdk.hotspot.jre.full.win32.x86_64_17.0.2.v20220201-1208\jre\bin\VCRUNTIME140.dll
0x00007ff9b1cb0000 - 0x00007ff9b1cc8000 	C:\eclipse\plugins\org.eclipse.justj.openjdk.hotspot.jre.full.win32.x86_64_17.0.2.v20220201-1208\jre\bin\jli.dll
0x00007ff9bc9f0000 - 0x00007ff9bcb90000 	C:\Windows\System32\USER32.dll
0x00007ff9bb8d0000 - 0x00007ff9bb8f2000 	C:\Windows\System32\win32u.dll
0x00007ff9bd9b0000 - 0x00007ff9bd9da000 	C:\Windows\System32\GDI32.dll
0x00007ff9bb7c0000 - 0x00007ff9bb8cb000 	C:\Windows\System32\gdi32full.dll
0x00007ff9981b0000 - 0x00007ff99844a000 	C:\Windows\WinSxS\amd64_microsoft.windows.common-controls_6595b64144ccf1df_6.0.19041.1110_none_60b5254171f9507e\COMCTL32.dll
0x00007ff9bba90000 - 0x00007ff9bbb2d000 	C:\Windows\System32\msvcp_win.dll
0x00007ff9bce50000 - 0x00007ff9bceee000 	C:\Windows\System32\msvcrt.dll
0x00007ff9bc9c0000 - 0x00007ff9bc9f0000 	C:\Windows\System32\IMM32.DLL
0x00007ff9b6010000 - 0x00007ff9b601c000 	C:\eclipse\plugins\org.eclipse.justj.openjdk.hotspot.jre.full.win32.x86_64_17.0.2.v20220201-1208\jre\bin\vcruntime140_1.dll
0x00007ff99fad0000 - 0x00007ff99fb61000 	C:\eclipse\plugins\org.eclipse.justj.openjdk.hotspot.jre.full.win32.x86_64_17.0.2.v20220201-1208\jre\bin\msvcp140.dll
0x00007ff962a50000 - 0x00007ff963697000 	C:\eclipse\plugins\org.eclipse.justj.openjdk.hotspot.jre.full.win32.x86_64_17.0.2.v20220201-1208\jre\bin\server\jvm.dll
0x00007ff9bcda0000 - 0x00007ff9bce4e000 	C:\Windows\System32\ADVAPI32.dll
0x00007ff9bbb90000 - 0x00007ff9bbc2c000 	C:\Windows\System32\sechost.dll
0x00007ff9bc2f0000 - 0x00007ff9bc415000 	C:\Windows\System32\RPCRT4.dll
0x00007ff9bd9a0000 - 0x00007ff9bd9a8000 	C:\Windows\System32\PSAPI.DLL
0x00007ff9b5240000 - 0x00007ff9b524a000 	C:\Windows\SYSTEM32\VERSION.dll
0x00007ff9b37f0000 - 0x00007ff9b37f9000 	C:\Windows\SYSTEM32\WSOCK32.dll
0x00007ff9bc950000 - 0x00007ff9bc9bb000 	C:\Windows\System32\WS2_32.dll
0x00007ff9a8520000 - 0x00007ff9a8547000 	C:\Windows\SYSTEM32\WINMM.dll
0x00007ff9b9a80000 - 0x00007ff9b9a92000 	C:\Windows\SYSTEM32\kernel.appcore.dll
0x00007ff9aae90000 - 0x00007ff9aae9a000 	C:\eclipse\plugins\org.eclipse.justj.openjdk.hotspot.jre.full.win32.x86_64_17.0.2.v20220201-1208\jre\bin\jimage.dll
0x00007ff9b90c0000 - 0x00007ff9b92a4000 	C:\Windows\SYSTEM32\DBGHELP.DLL
0x00007ff9b37a0000 - 0x00007ff9b37cc000 	C:\Windows\SYSTEM32\dbgcore.DLL
0x00007ff9bba00000 - 0x00007ff9bba82000 	C:\Windows\System32\bcryptPrimitives.dll
0x00007ff9b0f70000 - 0x00007ff9b0fab000 	C:\eclipse\plugins\org.eclipse.justj.openjdk.hotspot.jre.full.win32.x86_64_17.0.2.v20220201-1208\jre\bin\jdwp.dll
0x00007ff9b55d0000 - 0x00007ff9b55de000 	C:\eclipse\plugins\org.eclipse.justj.openjdk.hotspot.jre.full.win32.x86_64_17.0.2.v20220201-1208\jre\bin\instrument.dll
0x00007ff9a8a00000 - 0x00007ff9a8a25000 	C:\eclipse\plugins\org.eclipse.justj.openjdk.hotspot.jre.full.win32.x86_64_17.0.2.v20220201-1208\jre\bin\java.dll
0x00007ff99fb90000 - 0x00007ff99fba8000 	C:\eclipse\plugins\org.eclipse.justj.openjdk.hotspot.jre.full.win32.x86_64_17.0.2.v20220201-1208\jre\bin\zip.dll
0x00007ff9bcef0000 - 0x00007ff9bd634000 	C:\Windows\System32\SHELL32.dll
0x00007ff9b92d0000 - 0x00007ff9b9a64000 	C:\Windows\SYSTEM32\windows.storage.dll
0x00007ff9bd640000 - 0x00007ff9bd994000 	C:\Windows\System32\combase.dll
0x00007ff9bac50000 - 0x00007ff9bac80000 	C:\Windows\SYSTEM32\Wldp.dll
0x00007ff9bd9e0000 - 0x00007ff9bda8d000 	C:\Windows\System32\SHCORE.dll
0x00007ff9bc420000 - 0x00007ff9bc475000 	C:\Windows\System32\shlwapi.dll
0x00007ff9bb130000 - 0x00007ff9bb14f000 	C:\Windows\SYSTEM32\profapi.dll
0x00007ff9b4150000 - 0x00007ff9b415c000 	C:\eclipse\plugins\org.eclipse.justj.openjdk.hotspot.jre.full.win32.x86_64_17.0.2.v20220201-1208\jre\bin\dt_socket.dll
0x00007ff9ba650000 - 0x00007ff9ba68b000 	C:\Windows\SYSTEM32\IPHLPAPI.DLL
0x00007ff9ba9b0000 - 0x00007ff9baa1a000 	C:\Windows\system32\mswsock.dll
0x00007ff9ba690000 - 0x00007ff9ba75b000 	C:\Windows\SYSTEM32\DNSAPI.dll
0x00007ff9bbe70000 - 0x00007ff9bbe78000 	C:\Windows\System32\NSI.dll
0x00007ff9b5380000 - 0x00007ff9b538a000 	C:\Windows\System32\rasadhlp.dll
0x00007ff9aed80000 - 0x00007ff9aee00000 	C:\Windows\System32\fwpuclnt.dll
0x00007ff9bb2a0000 - 0x00007ff9bb2c7000 	C:\Windows\System32\bcrypt.dll
0x00007ff99fb70000 - 0x00007ff99fb89000 	C:\eclipse\plugins\org.eclipse.justj.openjdk.hotspot.jre.full.win32.x86_64_17.0.2.v20220201-1208\jre\bin\net.dll
0x00007ff9aee00000 - 0x00007ff9aef0a000 	C:\Windows\SYSTEM32\WINHTTP.dll
0x00007ff99fa60000 - 0x00007ff99fa75000 	C:\eclipse\plugins\org.eclipse.justj.openjdk.hotspot.jre.full.win32.x86_64_17.0.2.v20220201-1208\jre\bin\nio.dll
0x00007ff9aae80000 - 0x00007ff9aae90000 	C:\eclipse\plugins\org.eclipse.justj.openjdk.hotspot.jre.full.win32.x86_64_17.0.2.v20220201-1208\jre\bin\verify.dll

dbghelp: loaded successfully - version: 4.0.5 - missing functions: none
symbol engine: initialized successfully - sym options: 0x614 - pdb path: .;C:\eclipse\plugins\org.eclipse.justj.openjdk.hotspot.jre.full.win32.x86_64_17.0.2.v20220201-1208\jre\bin;C:\Windows\SYSTEM32;C:\Windows\WinSxS\amd64_microsoft.windows.common-controls_6595b64144ccf1df_6.0.19041.1110_none_60b5254171f9507e;C:\eclipse\plugins\org.eclipse.justj.openjdk.hotspot.jre.full.win32.x86_64_17.0.2.v20220201-1208\jre\bin\server

VM Arguments:
jvm_args: -XX:+ShowCodeDetailsInExceptionMessages -agentlib:jdwp=transport=dt_socket,suspend=y,address=localhost:60982 -javaagent:C:\eclipse\configuration\org.eclipse.osgi\225\0\.cp\lib\javaagent-shaded.jar -Dfile.encoding=UTF-8 
java_command: studentListSort.StudentList
java_class_path (initial): C:\Users\이문주\Desktop\TIL\secondStep\Exercise\bin
Launcher Type: SUN_STANDARD

[Global flags]
     intx CICompilerCount                          = 12                                        {product} {ergonomic}
     uint ConcGCThreads                            = 3                                         {product} {ergonomic}
     uint G1ConcRefinementThreads                  = 13                                        {product} {ergonomic}
   size_t G1HeapRegionSize                         = 2097152                                   {product} {ergonomic}
    uintx GCDrainStackTargetSize                   = 64                                        {product} {ergonomic}
   size_t InitialHeapSize                          = 232783872                                 {product} {ergonomic}
   size_t MarkStackSize                            = 4194304                                   {product} {ergonomic}
   size_t MaxHeapSize                              = 3720347648                                {product} {ergonomic}
   size_t MaxNewSize                               = 2231369728                                {product} {ergonomic}
   size_t MinHeapDeltaBytes                        = 2097152                                   {product} {ergonomic}
   size_t MinHeapSize                              = 8388608                                   {product} {ergonomic}
    uintx NonNMethodCodeHeapSize                   = 7602480                                {pd product} {ergonomic}
    uintx NonProfiledCodeHeapSize                  = 122027880                              {pd product} {ergonomic}
    uintx ProfiledCodeHeapSize                     = 122027880                              {pd product} {ergonomic}
    uintx ReservedCodeCacheSize                    = 251658240                              {pd product} {ergonomic}
     bool SegmentedCodeCache                       = true                                      {product} {ergonomic}
     bool ShowCodeDetailsInExceptionMessages       = true                                   {manageable} {command line}
   size_t SoftMaxHeapSize                          = 3720347648                             {manageable} {ergonomic}
     bool UseCompressedClassPointers               = true                           {product lp64_product} {ergonomic}
     bool UseCompressedOops                        = true                           {product lp64_product} {ergonomic}
     bool UseG1GC                                  = true                                      {product} {ergonomic}
     bool UseLargePagesIndividualAllocation        = false                                  {pd product} {ergonomic}

Logging:
Log output configuration:
 #0: stdout all=warning uptime,level,tags
 #1: stderr all=off uptime,level,tags

Environment Variables:
JAVA_HOME=C:\Program Files\Java\jdk-18.0.1
PATH=C:\eclipse\plugins\org.eclipse.justj.openjdk.hotspot.jre.full.win32.x86_64_17.0.2.v20220201-1208\jre\bin;C:/eclipse//plugins/org.eclipse.justj.openjdk.hotspot.jre.full.win32.x86_64_17.0.2.v20220201-1208/jre/bin/server;C:/eclipse//plugins/org.eclipse.justj.openjdk.hotspot.jre.full.win32.x86_64_17.0.2.v20220201-1208/jre/bin;C:\Program Files (x86)\Common Files\Oracle\Java\javapath;C:\Program Files\Common Files\Oracle\Java\javapath;C:\Windows\system32;C:\Windows;C:\Windows\System32\Wbem;C:\Windows\System32\WindowsPowerShell\v1.0\;C:\Windows\System32\OpenSSH\;C:\Program Files (x86)\NVIDIA Corporation\PhysX\Common;C:\Program Files\NVIDIA Corporation\NVIDIA NvDLISR;C:\Program Files\Bandizip\;C:\Program Files\Git\cmd;C:\Users\이문주\AppData\Local\Microsoft\WindowsApps;C:\Program Files\Java\jdk-18.0.1\bin\;;C:\eclipse;
USERNAME=이문주
OS=Windows_NT
PROCESSOR_IDENTIFIER=AMD64 Family 25 Model 80 Stepping 0, AuthenticAMD



---------------  S Y S T E M  ---------------

OS:
 Windows 10 , 64 bit Build 19041 (10.0.19041.1806)
OS uptime: 4 days 6:35 hours

CPU: total 16 (initial active 16) (16 cores per cpu, 2 threads per core) family 25 model 80 stepping 0 microcode 0x0, cx8, cmov, fxsr, ht, mmx, 3dnowpref, sse, sse2, sse3, ssse3, sse4a, sse4.1, sse4.2, popcnt, lzcnt, tsc, tscinvbit, avx, avx2, aes, erms, clmul, bmi1, bmi2, adx, sha, fma, vzeroupper, clflush, clflushopt

Memory: 4k page, system-wide physical 14188M (8934M free)
TotalPageFile size 16364M (AvailPageFile size 5383M)
current process WorkingSet (physical memory assigned to process): 49M, peak: 52M
current process commit charge ("private bytes"): 319M, peak: 323M

vm_info: OpenJDK 64-Bit Server VM (17.0.2+8) for windows-amd64 JRE (17.0.2+8), built on Jan 20 2022 04:52:34 by "" with MS VC++ 16.7 (VS2019)

END.
